{
  "RSpec": {
    "coverage": {
      "/home/ubuntu/workspace/Hw3/rottenpotatoes/app/helpers/application_helper.rb": [
        1,
        null
      ],
      "/home/ubuntu/workspace/Hw3/rottenpotatoes/app/helpers/movies_helper.rb": [
        1,
        null,
        1,
        0,
        null,
        null
      ],
      "/home/ubuntu/workspace/Hw3/rottenpotatoes/app/controllers/movies_controller.rb": [
        1,
        null,
        1,
        4,
        null,
        null,
        1,
        2,
        2,
        null,
        null,
        null,
        1,
        3,
        3,
        null,
        1,
        null,
        1,
        null,
        3,
        3,
        null,
        3,
        18,
        null,
        null,
        3,
        2,
        2,
        2,
        null,
        1,
        null,
        null,
        1,
        3,
        3,
        2,
        null,
        3,
        null,
        null,
        1,
        null,
        null,
        null,
        1,
        2,
        2,
        2,
        null,
        null,
        1,
        2,
        null,
        null,
        1,
        2,
        2,
        2,
        2,
        null,
        null,
        1,
        2,
        2,
        2,
        2,
        null,
        null,
        null
      ],
      "/home/ubuntu/workspace/Hw3/rottenpotatoes/app/controllers/application_controller.rb": [
        1,
        1,
        null
      ],
      "/home/ubuntu/workspace/Hw3/rottenpotatoes/app/models/movie.rb": [
        1,
        1,
        4,
        null,
        1,
        4,
        4,
        3,
        null,
        null
      ]
    },
    "timestamp": 1521407197
  }
}
